📊 七麦数据周报生成器
==================================================
本周编号：2026-w23
✓ 已找到登录态 Chrome 标签：https://www.qimai.cn/...

🌐 抓取数据中...
  📥 抓取 地铁跑酷 ...
  📥 抓取 神庙逃亡2 ...
  📥 抓取 我的世界 ...
  📥 抓取 迷你世界 ...
  📥 抓取 贪吃蛇大作战 ...
  📥 抓取 植物大战僵尸2 ...

📦 处理数据...
  ✓ JSON 已保存：/Users/selena.chen/qimai-reports/2026-w23.json

🎨 生成 HTML...
  🖼  内联图标为 base64...
  ✓ 周报已保存：/Users/selena.chen/qimai-reports/2026-w23.html
  ✓ index.html 已更新为本周最新

📚 更新存档列表...
  ✓ 存档页已更新：/Users/selena.chen/qimai-reports/archive.html

🚀 推送到 GitHub Pages...
  ✓ 已推送到 GitHub
  🌐 公网链接 30 秒后更新：https://selena-chen1.github.io/qimai-reports/

==================================================
✅ 完成！
   本周报告：file:///Users/selena.chen/qimai-reports/2026-w23.html
   存档列表：file:///Users/selena.chen/qimai-reports/archive.html

💡 飞书分享：可直接把 2026-w23.html 拖入飞书云文档，或截图发群
📊 七麦数据周报生成器
==================================================
本周编号：2026-w23
✓ 已找到登录态 Chrome 标签：https://www.qimai.cn/...

🌐 抓取数据中...
  📥 抓取 地铁跑酷 ...
  📥 抓取 神庙逃亡2 ...
  📥 抓取 我的世界 ...
  📥 抓取 迷你世界 ...
  📥 抓取 贪吃蛇大作战 ...
  📥 抓取 植物大战僵尸2 ...

📦 处理数据...
  ✓ JSON 已保存：/Users/selena.chen/qimai-reports/2026-w23.json

🎨 生成 HTML...
  🖼  内联图标为 base64...
  ✓ 周报已保存：/Users/selena.chen/qimai-reports/2026-w23.html
  ✓ index.html 已更新为本周最新

📚 更新存档列表...
  ✓ 存档页已更新：/Users/selena.chen/qimai-reports/archive.html

🚀 推送到 GitHub Pages...
  ✓ 已推送到 GitHub
  🌐 公网链接 30 秒后更新：https://selena-chen1.github.io/qimai-reports/

==================================================
✅ 完成！
   本周报告：file:///Users/selena.chen/qimai-reports/2026-w23.html
   存档列表：file:///Users/selena.chen/qimai-reports/archive.html

💡 飞书分享：可直接把 2026-w23.html 拖入飞书云文档，或截图发群
📊 七麦数据周报生成器
==================================================
本周编号：2026-w23
✓ 已找到登录态 Chrome 标签：https://www.qimai.cn/...

🌐 抓取数据中...
  📥 抓取 地铁跑酷 ...
  📥 抓取 神庙逃亡2 ...
  📥 抓取 我的世界 ...
  📥 抓取 迷你世界 ...
  📥 抓取 贪吃蛇大作战 ...
  📥 抓取 植物大战僵尸2 ...

📦 处理数据...
  ✓ JSON 已保存：/Users/selena.chen/qimai-reports/2026-w23.json

🎨 生成 HTML...
  🖼  内联图标为 base64...
  ✓ 周报已保存：/Users/selena.chen/qimai-reports/2026-w23.html
  ✓ index.html 已更新为本周最新

📚 更新存档列表...
  ✓ 存档页已更新：/Users/selena.chen/qimai-reports/archive.html

🚀 推送到 GitHub Pages...
  ✓ 已推送到 GitHub
  🌐 公网链接 30 秒后更新：https://selena-chen1.github.io/qimai-reports/

==================================================
✅ 完成！
   本周报告：file:///Users/selena.chen/qimai-reports/2026-w23.html
   存档列表：file:///Users/selena.chen/qimai-reports/archive.html

💡 飞书分享：可直接把 2026-w23.html 拖入飞书云文档，或截图发群
📊 七麦数据周报生成器
==================================================
本周编号：2026-w23
❌ 无法连接到 Chrome 调试端口 http://127.0.0.1:9222
   请先用 --remote-debugging-port=9222 启动 Chrome 并登录七麦
   错误：<urlopen error [Errno 61] Connection refused>
📊 七麦数据周报生成器
==================================================
本周编号：2026-w24
❌ 无法连接到 Chrome 调试端口 http://127.0.0.1:9222
   请先用 --remote-debugging-port=9222 启动 Chrome 并登录七麦
   错误：<urlopen error [Errno 61] Connection refused>
📊 七麦数据周报生成器
==================================================
本周编号：2026-w24
❌ 无法连接到 Chrome 调试端口 http://127.0.0.1:9222
   请先用 --remote-debugging-port=9222 启动 Chrome 并登录七麦
   错误：<urlopen error [Errno 61] Connection refused>
📊 七麦数据周报生成器
==================================================
本周编号：2026-w24
❌ 无法连接到 Chrome 调试端口 http://127.0.0.1:9222
   请先用 --remote-debugging-port=9222 启动 Chrome 并登录七麦
   错误：<urlopen error [Errno 61] Connection refused>
📊 七麦数据周报生成器
==================================================
本周编号：2026-w24
❌ 无法连接到 Chrome 调试端口 http://127.0.0.1:9222
   请先用 --remote-debugging-port=9222 启动 Chrome 并登录七麦
   错误：<urlopen error [Errno 61] Connection refused>
📊 七麦数据周报生成器
==================================================
本周编号：2026-w24
❌ 无法连接到 Chrome 调试端口 http://127.0.0.1:9222
   请先用 --remote-debugging-port=9222 启动 Chrome 并登录七麦
   错误：<urlopen error [Errno 61] Connection refused>
📊 七麦数据周报生成器
==================================================
本周编号：2026-w24
❌ 无法连接到 Chrome 调试端口 http://127.0.0.1:9222
   请先用 --remote-debugging-port=9222 启动 Chrome 并登录七麦
   错误：<urlopen error [Errno 61] Connection refused>
📊 七麦数据周报生成器
==================================================
本周编号：2026-w24
❌ 无法连接到 Chrome 调试端口 http://127.0.0.1:9222
   请先用 --remote-debugging-port=9222 启动 Chrome 并登录七麦
   错误：<urlopen error [Errno 61] Connection refused>
📊 七麦数据周报生成器
==================================================
本周编号：2026-w25
❌ 无法连接到 Chrome 调试端口 http://127.0.0.1:9222
   请先用 --remote-debugging-port=9222 启动 Chrome 并登录七麦
   错误：<urlopen error [Errno 61] Connection refused>
📊 七麦数据周报生成器
==================================================
本周编号：2026-w25
❌ 无法连接到 Chrome 调试端口 http://127.0.0.1:9222
   请先用 --remote-debugging-port=9222 启动 Chrome 并登录七麦
   错误：<urlopen error [Errno 61] Connection refused>
📊 七麦数据周报生成器
==================================================
本周编号：2026-w25
❌ 无法连接到 Chrome 调试端口 http://127.0.0.1:9222
   请先用 --remote-debugging-port=9222 启动 Chrome 并登录七麦
   错误：<urlopen error [Errno 61] Connection refused>
📊 七麦数据周报生成器
==================================================
本周编号：2026-w25
❌ 无法连接到 Chrome 调试端口 http://127.0.0.1:9222
   请先用 --remote-debugging-port=9222 启动 Chrome 并登录七麦
   错误：<urlopen error [Errno 61] Connection refused>
📊 七麦数据周报生成器
==================================================
本周编号：2026-w25
❌ 无法连接到 Chrome 调试端口 http://127.0.0.1:9222
   请先用 --remote-debugging-port=9222 启动 Chrome 并登录七麦
   错误：<urlopen error [Errno 61] Connection refused>
📊 七麦数据周报生成器
==================================================
本周编号：2026-w25
❌ 无法连接到 Chrome 调试端口 http://127.0.0.1:9222
   请先用 --remote-debugging-port=9222 启动 Chrome 并登录七麦
   错误：<urlopen error [Errno 61] Connection refused>
📊 七麦数据周报生成器
==================================================
本周编号：2026-w25
❌ 无法连接到 Chrome 调试端口 http://127.0.0.1:9222
   请先用 --remote-debugging-port=9222 启动 Chrome 并登录七麦
   错误：<urlopen error [Errno 61] Connection refused>
📊 七麦数据周报生成器
==================================================
本周编号：2026-w26
❌ 无法连接到 Chrome 调试端口 http://127.0.0.1:9222
   请先用 --remote-debugging-port=9222 启动 Chrome 并登录七麦
   错误：<urlopen error [Errno 61] Connection refused>
